<?xml version="1.0" encoding="UTF-8"?>
<testng-results ignored="0" total="1" passed="1" failed="0" skipped="0">
  <reporter-output>
  </reporter-output>
  <suite started-at="2024-11-15T19:46:24 IST" name="Default suite" finished-at="2024-11-15T19:46:55 IST" duration-ms="30949">
    <groups>
    </groups>
    <test started-at="2024-11-15T19:46:24 IST" name="Default test" finished-at="2024-11-15T19:46:55 IST" duration-ms="30949">
      <class name="SeleniumPractice.ExtentReportsPractice.Paru">
        <test-method is-config="true" signature="config()[pri:0, instance:SeleniumPractice.ExtentReportsPractice.Paru@5fe94a96]" started-at="2024-11-15T19:46:24 IST" name="config" finished-at="2024-11-15T19:46:24 IST" duration-ms="246" status="PASS">
          <reporter-output>
          </reporter-output>
        </test-method> <!-- config -->
        <test-method signature="InitilizeApplication()[pri:0, instance:SeleniumPractice.ExtentReportsPractice.Paru@5fe94a96]" started-at="2024-11-15T19:46:24 IST" name="InitilizeApplication" finished-at="2024-11-15T19:46:54 IST" duration-ms="30226" status="PASS">
          <reporter-output>
          </reporter-output>
        </test-method> <!-- InitilizeApplication -->
        <test-method is-config="true" signature="tearDown()[pri:0, instance:SeleniumPractice.ExtentReportsPractice.Paru@5fe94a96]" started-at="2024-11-15T19:46:54 IST" name="tearDown" finished-at="2024-11-15T19:46:55 IST" duration-ms="436" status="PASS">
          <reporter-output>
          </reporter-output>
        </test-method> <!-- tearDown -->
      </class> <!-- SeleniumPractice.ExtentReportsPractice.Paru -->
    </test> <!-- Default test -->
  </suite> <!-- Default suite -->
</testng-results>
